2023-03-06 21:55:20,721 - __main__ - INFO - Code Executed : 2023-03-06 21:55:20.721622
2023-03-07 15:19:17,612 - __main__ - INFO - Code Executed : 2023-03-07 15:19:17.612256
2023-03-07 15:34:04,368 - __main__ - INFO - Code Executed : 2023-03-07 15:34:04.368831
2023-03-07 15:45:28,046 - __main__ - INFO - Code Executed : 2023-03-07 15:45:28.045973
2023-03-07 15:57:10,134 - __main__ - INFO - Code Executed : 2023-03-07 15:57:10.133951
2023-03-07 16:28:55,981 - __main__ - INFO - Code Executed : 2023-03-07 16:28:55.981416
2023-03-07 16:50:52,367 - __main__ - INFO - Code Executed : 2023-03-07 16:50:52.367155
2023-03-08 07:10:50,213 - __main__ - INFO - Code Executed : 2023-03-08 07:10:50.213141
2023-03-08 07:27:16,725 - __main__ - INFO - Code Executed : 2023-03-08 07:27:16.724936
2023-03-08 07:39:18,794 - __main__ - INFO - Code Executed : 2023-03-08 07:39:18.794477
2023-03-08 08:09:45,265 - __main__ - INFO - Code Executed : 2023-03-08 08:09:45.265154
2023-03-08 08:34:48,850 - __main__ - INFO - Code Executed : 2023-03-08 08:34:48.850067
2023-03-08 08:48:26,873 - __main__ - INFO - Code Executed : 2023-03-08 08:48:26.873347
2023-03-08 09:00:08,668 - __main__ - INFO - Code Executed : 2023-03-08 09:00:08.668086
2023-03-08 09:24:22,666 - __main__ - INFO - Code Executed : 2023-03-08 09:24:22.666380
2023-03-08 09:37:20,201 - __main__ - INFO - Code Executed : 2023-03-08 09:37:20.200965
2023-03-08 09:49:05,134 - __main__ - INFO - Code Executed : 2023-03-08 09:49:05.134315
2023-03-08 10:00:47,410 - __main__ - INFO - Code Executed : 2023-03-08 10:00:47.410581
2023-03-08 10:27:28,698 - __main__ - INFO - Code Executed : 2023-03-08 10:27:28.698762
2023-03-08 10:43:09,096 - __main__ - INFO - Code Executed : 2023-03-08 10:43:09.096673
2023-03-08 10:54:50,149 - __main__ - INFO - Code Executed : 2023-03-08 10:54:50.149343
2023-03-08 11:12:52,453 - __main__ - INFO - Code Executed : 2023-03-08 11:12:52.453106
2023-03-08 11:27:00,822 - __main__ - INFO - Code Executed : 2023-03-08 11:27:00.822359
2023-03-08 11:39:08,675 - __main__ - INFO - Code Executed : 2023-03-08 11:39:08.675225
2023-05-09 08:46:26,710 - __main__ - INFO - Code Executed : 2023-05-09 08:46:26.710018
2023-05-09 08:53:41,760 - __main__ - INFO - Code Executed : 2023-05-09 08:53:41.760292
2023-05-09 09:00:49,763 - __main__ - INFO - Code Executed : 2023-05-09 09:00:49.763154
2023-05-09 09:03:50,410 - __main__ - INFO - Code Executed : 2023-05-09 09:03:50.410475
2023-05-09 09:15:27,164 - __main__ - INFO - Code Executed : 2023-05-09 09:15:27.164465
2023-05-09 09:21:05,958 - __main__ - INFO - Code Executed : 2023-05-09 09:21:05.958073
2023-05-09 09:25:13,730 - __main__ - INFO - Code Executed : 2023-05-09 09:25:13.730475
2023-05-09 09:29:34,277 - __main__ - INFO - Code Executed : 2023-05-09 09:29:34.276955
2023-05-09 09:32:34,705 - __main__ - INFO - Code Executed : 2023-05-09 09:32:34.705350
2023-05-09 09:38:19,620 - __main__ - INFO - Code Executed : 2023-05-09 09:38:19.619923
2023-05-09 09:46:44,960 - __main__ - INFO - Code Executed : 2023-05-09 09:46:44.960694
2023-05-09 09:55:33,659 - __main__ - INFO - Code Executed : 2023-05-09 09:55:33.659903
2023-05-09 10:09:03,470 - __main__ - INFO - Code Executed : 2023-05-09 10:09:03.470300
2023-05-09 10:28:20,168 - __main__ - INFO - Code Executed : 2023-05-09 10:28:20.168872
2023-05-09 10:37:27,527 - __main__ - INFO - Code Executed : 2023-05-09 10:37:27.527696
2023-05-09 10:45:48,106 - __main__ - INFO - Code Executed : 2023-05-09 10:45:48.106906
2023-05-09 10:54:33,815 - __main__ - INFO - Code Executed : 2023-05-09 10:54:33.815598
2023-05-09 11:03:36,136 - __main__ - INFO - Code Executed : 2023-05-09 11:03:36.136304
2023-05-09 11:18:15,647 - __main__ - INFO - Code Executed : 2023-05-09 11:18:15.647794
2023-05-09 11:26:47,542 - __main__ - INFO - Code Executed : 2023-05-09 11:26:47.542273
2023-05-09 13:16:35,688 - __main__ - INFO - Code Executed : 2023-05-09 13:16:35.688666
2023-05-09 13:43:35,581 - __main__ - INFO - Code Executed : 2023-05-09 13:43:35.581417
2023-05-09 13:52:10,171 - __main__ - INFO - Code Executed : 2023-05-09 13:52:10.171701
2023-05-09 14:00:32,326 - __main__ - INFO - Code Executed : 2023-05-09 14:00:32.326222
2023-05-09 14:17:29,785 - __main__ - INFO - Code Executed : 2023-05-09 14:17:29.785268
2023-05-09 14:30:09,653 - __main__ - INFO - Code Executed : 2023-05-09 14:30:09.653592
2023-05-09 14:38:45,687 - __main__ - INFO - Code Executed : 2023-05-09 14:38:45.687644
2023-05-09 14:47:15,851 - __main__ - INFO - Code Executed : 2023-05-09 14:47:15.851473
2023-05-09 14:55:48,461 - __main__ - INFO - Code Executed : 2023-05-09 14:55:48.460977
2023-05-09 15:09:45,103 - __main__ - INFO - Code Executed : 2023-05-09 15:09:45.103318
2023-05-09 15:25:16,662 - __main__ - INFO - Code Executed : 2023-05-09 15:25:16.662679
2023-05-09 15:33:52,197 - __main__ - INFO - Code Executed : 2023-05-09 15:33:52.197839
2023-05-09 15:42:14,384 - __main__ - INFO - Code Executed : 2023-05-09 15:42:14.384567
2023-05-09 15:51:03,082 - __main__ - INFO - Code Executed : 2023-05-09 15:51:03.082852
2023-05-09 15:59:13,854 - __main__ - INFO - Code Executed : 2023-05-09 15:59:13.854366
2023-05-09 16:19:28,935 - __main__ - INFO - Code Executed : 2023-05-09 16:19:28.935184
2023-05-09 16:35:41,448 - __main__ - INFO - Code Executed : 2023-05-09 16:35:41.448786
2023-05-09 16:43:57,558 - __main__ - INFO - Code Executed : 2023-05-09 16:43:57.558321
2023-05-09 16:53:19,702 - __main__ - INFO - Code Executed : 2023-05-09 16:53:19.702635
2023-05-09 17:00:55,311 - __main__ - INFO - Code Executed : 2023-05-09 17:00:55.311805
2023-05-09 17:16:55,859 - __main__ - INFO - Code Executed : 2023-05-09 17:16:55.859477
2023-05-09 17:27:49,359 - __main__ - INFO - Code Executed : 2023-05-09 17:27:49.359789
2023-05-09 17:36:38,565 - __main__ - INFO - Code Executed : 2023-05-09 17:36:38.565765
2023-05-09 17:45:30,678 - __main__ - INFO - Code Executed : 2023-05-09 17:45:30.678446
2023-05-09 17:53:57,874 - __main__ - INFO - Code Executed : 2023-05-09 17:53:57.874378
2023-05-09 18:02:39,986 - __main__ - INFO - Code Executed : 2023-05-09 18:02:39.985949
2023-05-09 18:25:42,580 - __main__ - INFO - Code Executed : 2023-05-09 18:25:42.580373
2023-05-09 18:35:12,215 - __main__ - INFO - Code Executed : 2023-05-09 18:35:12.214942
2023-05-09 18:43:59,859 - __main__ - INFO - Code Executed : 2023-05-09 18:43:59.859022
2023-05-09 18:52:25,155 - __main__ - INFO - Code Executed : 2023-05-09 18:52:25.155429
2023-05-09 19:00:42,964 - __main__ - INFO - Code Executed : 2023-05-09 19:00:42.963988
2023-05-09 19:14:27,568 - __main__ - INFO - Code Executed : 2023-05-09 19:14:27.568735
2023-05-09 19:22:48,041 - __main__ - INFO - Code Executed : 2023-05-09 19:22:48.041569
2023-05-09 19:31:49,850 - __main__ - INFO - Code Executed : 2023-05-09 19:31:49.850729
2023-05-09 19:40:47,577 - __main__ - INFO - Code Executed : 2023-05-09 19:40:47.577310
2023-05-09 19:49:17,671 - __main__ - INFO - Code Executed : 2023-05-09 19:49:17.671471
2023-05-09 19:57:24,023 - __main__ - INFO - Code Executed : 2023-05-09 19:57:24.023389
2023-05-09 20:13:09,532 - __main__ - INFO - Code Executed : 2023-05-09 20:13:09.532285
2023-05-09 20:25:30,113 - __main__ - INFO - Code Executed : 2023-05-09 20:25:30.113238
2023-05-09 20:34:15,059 - __main__ - INFO - Code Executed : 2023-05-09 20:34:15.059096
2023-05-09 20:42:29,384 - __main__ - INFO - Code Executed : 2023-05-09 20:42:29.384622
2023-05-09 20:51:12,422 - __main__ - INFO - Code Executed : 2023-05-09 20:51:12.421943
2023-05-09 20:59:27,968 - __main__ - INFO - Code Executed : 2023-05-09 20:59:27.968838
2023-05-09 21:14:05,746 - __main__ - INFO - Code Executed : 2023-05-09 21:14:05.746209
2023-05-09 21:23:12,141 - __main__ - INFO - Code Executed : 2023-05-09 21:23:12.141883
2023-05-09 21:31:41,297 - __main__ - INFO - Code Executed : 2023-05-09 21:31:41.297174
2023-05-09 21:40:01,594 - __main__ - INFO - Code Executed : 2023-05-09 21:40:01.594028
2023-05-09 21:49:32,548 - __main__ - INFO - Code Executed : 2023-05-09 21:49:32.548269
2023-05-09 21:57:11,379 - __main__ - INFO - Code Executed : 2023-05-09 21:57:11.379784
2023-05-09 22:10:46,687 - __main__ - INFO - Code Executed : 2023-05-09 22:10:46.687390
2023-05-09 22:25:38,828 - __main__ - INFO - Code Executed : 2023-05-09 22:25:38.828610
2023-05-09 22:35:07,211 - __main__ - INFO - Code Executed : 2023-05-09 22:35:07.211592
2023-05-09 22:43:15,981 - __main__ - INFO - Code Executed : 2023-05-09 22:43:15.981096
2023-05-09 22:51:30,909 - __main__ - INFO - Code Executed : 2023-05-09 22:51:30.909113
2023-05-09 23:00:33,803 - __main__ - INFO - Code Executed : 2023-05-09 23:00:33.803408
2023-05-09 23:16:41,560 - __main__ - INFO - Code Executed : 2023-05-09 23:16:41.560403
2023-05-09 23:26:59,869 - __main__ - INFO - Code Executed : 2023-05-09 23:26:59.869616
2023-05-09 23:35:47,173 - __main__ - INFO - Code Executed : 2023-05-09 23:35:47.173247
2023-05-09 23:44:24,538 - __main__ - INFO - Code Executed : 2023-05-09 23:44:24.538852
2023-05-09 23:52:34,268 - __main__ - INFO - Code Executed : 2023-05-09 23:52:34.268174
2023-05-10 00:01:36,699 - __main__ - INFO - Code Executed : 2023-05-10 00:01:36.699698
2023-05-10 01:23:24,475 - __main__ - INFO - Code Executed : 2023-05-10 01:23:24.475512
2023-05-10 02:13:00,027 - __main__ - INFO - Code Executed : 2023-05-10 02:13:00.027188
2023-05-10 02:39:51,291 - __main__ - INFO - Code Executed : 2023-05-10 02:39:51.291050
2023-05-10 02:48:23,527 - __main__ - INFO - Code Executed : 2023-05-10 02:48:23.527712
2023-05-10 02:56:51,172 - __main__ - INFO - Code Executed : 2023-05-10 02:56:51.172199
2023-05-10 03:11:32,870 - __main__ - INFO - Code Executed : 2023-05-10 03:11:32.870095
2023-05-10 03:25:42,139 - __main__ - INFO - Code Executed : 2023-05-10 03:25:42.139593
2023-05-10 03:34:34,293 - __main__ - INFO - Code Executed : 2023-05-10 03:34:34.293445
2023-05-10 03:42:47,202 - __main__ - INFO - Code Executed : 2023-05-10 03:42:47.202165
2023-05-10 03:51:15,316 - __main__ - INFO - Code Executed : 2023-05-10 03:51:15.316317
2023-05-10 04:00:07,884 - __main__ - INFO - Code Executed : 2023-05-10 04:00:07.884847
2023-05-10 04:19:22,717 - __main__ - INFO - Code Executed : 2023-05-10 04:19:22.717289
2023-05-10 04:31:50,843 - __main__ - INFO - Code Executed : 2023-05-10 04:31:50.843725
2023-05-10 04:40:23,840 - __main__ - INFO - Code Executed : 2023-05-10 04:40:23.840679
2023-05-10 04:48:46,742 - __main__ - INFO - Code Executed : 2023-05-10 04:48:46.742709
2023-05-10 04:57:28,064 - __main__ - INFO - Code Executed : 2023-05-10 04:57:28.064240
2023-05-10 05:11:51,245 - __main__ - INFO - Code Executed : 2023-05-10 05:11:51.245523
2023-05-10 05:26:20,545 - __main__ - INFO - Code Executed : 2023-05-10 05:26:20.545820
2023-05-10 05:35:05,215 - __main__ - INFO - Code Executed : 2023-05-10 05:35:05.215198
2023-05-10 05:43:55,228 - __main__ - INFO - Code Executed : 2023-05-10 05:43:55.227949
2023-05-10 05:52:13,305 - __main__ - INFO - Code Executed : 2023-05-10 05:52:13.305496
2023-05-10 06:00:48,131 - __main__ - INFO - Code Executed : 2023-05-10 06:00:48.131528
2023-05-10 06:22:33,816 - __main__ - INFO - Code Executed : 2023-05-10 06:22:33.816244
2023-05-10 06:33:52,251 - __main__ - INFO - Code Executed : 2023-05-10 06:33:52.251692
2023-05-10 06:42:23,208 - __main__ - INFO - Code Executed : 2023-05-10 06:42:23.208121
2023-05-10 06:50:58,090 - __main__ - INFO - Code Executed : 2023-05-10 06:50:58.090394
2023-05-10 06:59:12,171 - __main__ - INFO - Code Executed : 2023-05-10 06:59:12.171173
2023-05-13 23:10:36,367 - __main__ - INFO - Code Executed : 2023-05-13 23:10:36.367054
2023-05-13 23:18:00,136 - __main__ - INFO - Code Executed : 2023-05-13 23:18:00.136001
2023-05-13 23:28:00,241 - __main__ - INFO - Code Executed : 2023-05-13 23:28:00.241038
2023-05-14 00:10:25,071 - __main__ - INFO - Code Executed : 2023-05-14 00:10:25.070336
2023-05-14 00:17:50,532 - __main__ - INFO - Code Executed : 2023-05-14 00:17:50.532938
2023-05-14 00:26:46,251 - __main__ - INFO - Code Executed : 2023-05-14 00:26:46.251959
2023-05-14 22:46:41,264 - __main__ - INFO - Code Executed : 2023-05-14 22:46:41.264755
2023-05-16 19:07:58,610 - __main__ - INFO - Code Executed : 2023-05-16 19:07:58.610291
2023-05-16 19:25:59,298 - __main__ - INFO - Code Executed : 2023-05-16 19:25:59.298778
2023-05-16 19:32:07,109 - __main__ - INFO - Code Executed : 2023-05-16 19:32:07.109118
2023-05-16 19:59:47,246 - __main__ - INFO - Code Executed : 2023-05-16 19:59:47.246525
2023-05-16 20:04:09,804 - __main__ - INFO - Code Executed : 2023-05-16 20:04:09.804903
2023-05-16 20:07:47,101 - __main__ - INFO - Code Executed : 2023-05-16 20:07:47.101892
2023-05-16 20:14:05,477 - __main__ - INFO - Code Executed : 2023-05-16 20:14:05.477481
2023-05-19 18:44:29,742 - __main__ - INFO - Code Executed : 2023-05-19 18:44:29.742493
2023-05-19 14:29:54,824 - __main__ - INFO - Code Executed : 2023-05-19 14:29:54.824923
2023-05-19 14:40:21,828 - __main__ - INFO - Code Executed : 2023-05-19 14:40:21.828675
2023-05-19 14:51:06,654 - __main__ - INFO - Code Executed : 2023-05-19 14:51:06.654640
2023-05-19 15:01:38,086 - __main__ - INFO - Code Executed : 2023-05-19 15:01:38.086789
2023-05-19 15:21:05,218 - __main__ - INFO - Code Executed : 2023-05-19 15:21:05.218234
2023-05-19 15:31:57,224 - __main__ - INFO - Code Executed : 2023-05-19 15:31:57.224015
2023-05-19 15:42:47,347 - __main__ - INFO - Code Executed : 2023-05-19 15:42:47.347021
2023-05-19 15:53:40,799 - __main__ - INFO - Code Executed : 2023-05-19 15:53:40.799871
2023-05-20 14:13:20,820 - __main__ - INFO - Code Executed : 2023-05-20 14:13:20.820720
2023-05-21 08:17:53,822 - __main__ - INFO - Code Executed : 2023-05-21 08:17:53.822582
2023-05-22 08:19:37,255 - __main__ - INFO - Code Executed : 2023-05-22 08:19:37.255382
2023-05-23 08:19:31,212 - __main__ - INFO - Code Executed : 2023-05-23 08:19:31.212413
2023-05-24 08:19:19,857 - __main__ - INFO - Code Executed : 2023-05-24 08:19:19.857615
2023-05-25 08:18:58,834 - __main__ - INFO - Code Executed : 2023-05-25 08:18:58.834238
2023-05-26 08:19:04,098 - __main__ - INFO - Code Executed : 2023-05-26 08:19:04.098469
2023-05-27 08:17:43,334 - __main__ - INFO - Code Executed : 2023-05-27 08:17:43.334333
2023-05-28 08:17:36,900 - __main__ - INFO - Code Executed : 2023-05-28 08:17:36.900339
2023-05-29 08:19:34,259 - __main__ - INFO - Code Executed : 2023-05-29 08:19:34.259357
2023-05-30 08:19:41,602 - __main__ - INFO - Code Executed : 2023-05-30 08:19:41.602362
2023-05-31 08:19:16,618 - __main__ - INFO - Code Executed : 2023-05-31 08:19:16.618597
2023-06-01 08:19:18,697 - __main__ - INFO - Code Executed : 2023-06-01 08:19:18.697889
2023-06-02 08:19:08,071 - __main__ - INFO - Code Executed : 2023-06-02 08:19:08.071698
2023-06-03 08:17:57,235 - __main__ - INFO - Code Executed : 2023-06-03 08:17:57.235651
2023-06-04 08:17:13,103 - __main__ - INFO - Code Executed : 2023-06-04 08:17:13.103674
2023-06-05 08:19:27,179 - __main__ - INFO - Code Executed : 2023-06-05 08:19:27.179889
2023-06-06 08:18:52,016 - __main__ - INFO - Code Executed : 2023-06-06 08:18:52.016292
2023-06-07 08:19:48,317 - __main__ - INFO - Code Executed : 2023-06-07 08:19:48.317473
2023-06-08 08:18:59,386 - __main__ - INFO - Code Executed : 2023-06-08 08:18:59.386147
2023-06-09 08:19:07,113 - __main__ - INFO - Code Executed : 2023-06-09 08:19:07.113599
2023-06-10 08:18:11,453 - __main__ - INFO - Code Executed : 2023-06-10 08:18:11.453835
2023-06-11 08:17:58,356 - __main__ - INFO - Code Executed : 2023-06-11 08:17:58.356286
2023-06-12 08:19:45,363 - __main__ - INFO - Code Executed : 2023-06-12 08:19:45.363355
2023-06-13 08:19:40,197 - __main__ - INFO - Code Executed : 2023-06-13 08:19:40.197059
2023-06-14 08:19:04,165 - __main__ - INFO - Code Executed : 2023-06-14 08:19:04.165823
2023-06-14 13:47:36,987 - __main__ - INFO - Code Executed : 2023-06-14 13:47:36.987413
2023-06-14 13:55:52,296 - __main__ - INFO - Code Executed : 2023-06-14 13:55:52.296532
2023-06-14 14:09:21,552 - __main__ - INFO - Code Executed : 2023-06-14 14:09:21.552215
2023-06-14 14:25:03,125 - __main__ - INFO - Code Executed : 2023-06-14 14:25:03.124947
2023-06-14 14:33:41,361 - __main__ - INFO - Code Executed : 2023-06-14 14:33:41.361355
2023-06-14 15:14:38,007 - __main__ - INFO - Code Executed : 2023-06-14 15:14:38.007861
2023-06-14 15:26:36,103 - __main__ - INFO - Code Executed : 2023-06-14 15:26:36.103662
2023-06-14 15:35:40,780 - __main__ - INFO - Code Executed : 2023-06-14 15:35:40.780776
2023-06-14 15:44:07,046 - __main__ - INFO - Code Executed : 2023-06-14 15:44:07.046343
2023-06-14 15:52:32,388 - __main__ - INFO - Code Executed : 2023-06-14 15:52:32.388369
2023-06-14 16:01:56,904 - __main__ - INFO - Code Executed : 2023-06-14 16:01:56.904666
2023-06-14 16:39:18,627 - __main__ - INFO - Code Executed : 2023-06-14 16:39:18.627474
2023-06-14 17:09:18,443 - __main__ - INFO - Code Executed : 2023-06-14 17:09:18.443652
2023-06-14 17:24:17,939 - __main__ - INFO - Code Executed : 2023-06-14 17:24:17.939683
2023-06-14 17:32:27,206 - __main__ - INFO - Code Executed : 2023-06-14 17:32:27.206249
2023-06-14 17:40:59,162 - __main__ - INFO - Code Executed : 2023-06-14 17:40:59.162535
2023-06-14 17:50:03,696 - __main__ - INFO - Code Executed : 2023-06-14 17:50:03.696636
2023-06-14 17:58:04,314 - __main__ - INFO - Code Executed : 2023-06-14 17:58:04.314069
2023-06-14 18:15:49,970 - __main__ - INFO - Code Executed : 2023-06-14 18:15:49.970023
2023-06-14 18:30:04,014 - __main__ - INFO - Code Executed : 2023-06-14 18:30:04.014813
2023-06-14 18:38:51,732 - __main__ - INFO - Code Executed : 2023-06-14 18:38:51.732803
2023-06-14 18:47:20,238 - __main__ - INFO - Code Executed : 2023-06-14 18:47:20.238790
2023-06-14 18:56:12,214 - __main__ - INFO - Code Executed : 2023-06-14 18:56:12.214020
2023-06-14 19:07:41,280 - __main__ - INFO - Code Executed : 2023-06-14 19:07:41.280752
2023-06-14 19:18:25,483 - __main__ - INFO - Code Executed : 2023-06-14 19:18:25.483502
2023-06-14 19:26:58,289 - __main__ - INFO - Code Executed : 2023-06-14 19:26:58.289184
2023-06-14 19:35:43,725 - __main__ - INFO - Code Executed : 2023-06-14 19:35:43.724928
2023-06-14 19:44:28,741 - __main__ - INFO - Code Executed : 2023-06-14 19:44:28.741144
2023-06-14 19:53:21,688 - __main__ - INFO - Code Executed : 2023-06-14 19:53:21.688364
2023-06-14 20:01:31,578 - __main__ - INFO - Code Executed : 2023-06-14 20:01:31.578806
2023-06-14 20:19:22,362 - __main__ - INFO - Code Executed : 2023-06-14 20:19:22.362039
2023-06-14 20:28:03,065 - __main__ - INFO - Code Executed : 2023-06-14 20:28:03.065052
2023-06-14 20:37:04,880 - __main__ - INFO - Code Executed : 2023-06-14 20:37:04.880247
2023-06-14 20:45:27,928 - __main__ - INFO - Code Executed : 2023-06-14 20:45:27.928072
2023-06-14 20:54:04,177 - __main__ - INFO - Code Executed : 2023-06-14 20:54:04.177415
2023-06-14 21:02:19,502 - __main__ - INFO - Code Executed : 2023-06-14 21:02:19.502449
2023-06-14 21:18:05,119 - __main__ - INFO - Code Executed : 2023-06-14 21:18:05.119778
2023-06-14 21:26:36,659 - __main__ - INFO - Code Executed : 2023-06-14 21:26:36.659690
2023-06-14 21:35:20,129 - __main__ - INFO - Code Executed : 2023-06-14 21:35:20.129191
2023-06-14 21:43:38,167 - __main__ - INFO - Code Executed : 2023-06-14 21:43:38.166939
2023-06-14 21:52:05,304 - __main__ - INFO - Code Executed : 2023-06-14 21:52:05.304063
2023-06-14 22:00:10,212 - __main__ - INFO - Code Executed : 2023-06-14 22:00:10.212327
2023-06-14 22:15:57,733 - __main__ - INFO - Code Executed : 2023-06-14 22:15:57.733835
2023-06-14 22:29:00,240 - __main__ - INFO - Code Executed : 2023-06-14 22:29:00.240580
2023-06-14 22:37:43,983 - __main__ - INFO - Code Executed : 2023-06-14 22:37:43.983515
2023-06-14 22:46:10,189 - __main__ - INFO - Code Executed : 2023-06-14 22:46:10.189202
2023-06-14 22:54:36,568 - __main__ - INFO - Code Executed : 2023-06-14 22:54:36.568361
2023-06-14 23:03:56,826 - __main__ - INFO - Code Executed : 2023-06-14 23:03:56.826224
2023-06-14 23:22:34,754 - __main__ - INFO - Code Executed : 2023-06-14 23:22:34.754858
2023-06-14 23:30:44,359 - __main__ - INFO - Code Executed : 2023-06-14 23:30:44.359877
2023-06-14 23:39:42,083 - __main__ - INFO - Code Executed : 2023-06-14 23:39:42.083244
2023-06-14 23:48:23,982 - __main__ - INFO - Code Executed : 2023-06-14 23:48:23.982378
2023-06-14 23:56:38,608 - __main__ - INFO - Code Executed : 2023-06-14 23:56:38.608397
2023-06-15 00:54:10,572 - __main__ - INFO - Code Executed : 2023-06-15 00:54:10.571960
2023-06-15 02:08:09,581 - __main__ - INFO - Code Executed : 2023-06-15 02:08:09.581389
2023-06-15 02:46:46,425 - __main__ - INFO - Code Executed : 2023-06-15 02:46:46.425547
2023-06-15 02:57:00,275 - __main__ - INFO - Code Executed : 2023-06-15 02:57:00.275640
2023-06-15 03:12:39,785 - __main__ - INFO - Code Executed : 2023-06-15 03:12:39.784979
2023-06-15 03:26:18,704 - __main__ - INFO - Code Executed : 2023-06-15 03:26:18.704869
2023-06-15 03:34:57,668 - __main__ - INFO - Code Executed : 2023-06-15 03:34:57.668555
2023-06-15 03:43:10,594 - __main__ - INFO - Code Executed : 2023-06-15 03:43:10.594881
2023-06-15 03:51:36,030 - __main__ - INFO - Code Executed : 2023-06-15 03:51:36.030153
2023-06-15 04:00:34,596 - __main__ - INFO - Code Executed : 2023-06-15 04:00:34.596646
2023-06-15 04:19:16,058 - __main__ - INFO - Code Executed : 2023-06-15 04:19:16.057974
2023-06-15 04:31:52,918 - __main__ - INFO - Code Executed : 2023-06-15 04:31:52.918194
2023-06-15 04:40:27,433 - __main__ - INFO - Code Executed : 2023-06-15 04:40:27.432963
2023-06-15 04:49:05,036 - __main__ - INFO - Code Executed : 2023-06-15 04:49:05.036605
2023-06-15 04:57:35,115 - __main__ - INFO - Code Executed : 2023-06-15 04:57:35.115564
2023-06-15 05:11:49,622 - __main__ - INFO - Code Executed : 2023-06-15 05:11:49.622253
2023-06-15 05:27:24,796 - __main__ - INFO - Code Executed : 2023-06-15 05:27:24.795909
2023-06-15 05:36:02,024 - __main__ - INFO - Code Executed : 2023-06-15 05:36:02.024757
2023-06-15 05:44:11,633 - __main__ - INFO - Code Executed : 2023-06-15 05:44:11.633051
2023-06-15 05:53:10,258 - __main__ - INFO - Code Executed : 2023-06-15 05:53:10.258791
2023-06-15 06:01:58,864 - __main__ - INFO - Code Executed : 2023-06-15 06:01:58.864662
2023-06-15 06:24:18,336 - __main__ - INFO - Code Executed : 2023-06-15 06:24:18.335980
2023-06-15 06:34:48,982 - __main__ - INFO - Code Executed : 2023-06-15 06:34:48.982753
2023-06-15 06:43:20,000 - __main__ - INFO - Code Executed : 2023-06-15 06:43:20.000101
2023-06-15 06:51:47,872 - __main__ - INFO - Code Executed : 2023-06-15 06:51:47.872653
2023-06-15 07:00:13,791 - __main__ - INFO - Code Executed : 2023-06-15 07:00:13.791203
2023-06-15 07:15:53,974 - __main__ - INFO - Code Executed : 2023-06-15 07:15:53.974663
2023-06-15 07:25:05,653 - __main__ - INFO - Code Executed : 2023-06-15 07:25:05.653736
2023-06-15 07:33:38,402 - __main__ - INFO - Code Executed : 2023-06-15 07:33:38.402502
2023-06-15 07:41:51,610 - __main__ - INFO - Code Executed : 2023-06-15 07:41:51.610358
2023-06-15 07:50:32,721 - __main__ - INFO - Code Executed : 2023-06-15 07:50:32.721142
2023-06-15 07:58:59,176 - __main__ - INFO - Code Executed : 2023-06-15 07:58:59.176909
2023-06-15 08:17:52,445 - __main__ - INFO - Code Executed : 2023-06-15 08:17:52.445528
2023-06-15 08:30:37,820 - __main__ - INFO - Code Executed : 2023-06-15 08:30:37.820430
2023-06-15 08:39:24,803 - __main__ - INFO - Code Executed : 2023-06-15 08:39:24.803472
2023-06-15 08:48:04,670 - __main__ - INFO - Code Executed : 2023-06-15 08:48:04.670247
2023-06-15 08:56:30,922 - __main__ - INFO - Code Executed : 2023-06-15 08:56:30.922846
2023-06-15 09:10:22,726 - __main__ - INFO - Code Executed : 2023-06-15 09:10:22.726541
2023-06-15 09:23:38,154 - __main__ - INFO - Code Executed : 2023-06-15 09:23:38.153969
2023-06-15 09:31:51,978 - __main__ - INFO - Code Executed : 2023-06-15 09:31:51.978599
2023-06-15 09:40:28,463 - __main__ - INFO - Code Executed : 2023-06-15 09:40:28.463470
2023-06-15 09:49:17,575 - __main__ - INFO - Code Executed : 2023-06-15 09:49:17.575246
2023-06-15 09:57:34,218 - __main__ - INFO - Code Executed : 2023-06-15 09:57:34.218006
2023-06-15 10:13:47,864 - __main__ - INFO - Code Executed : 2023-06-15 10:13:47.864150
2023-06-15 10:31:18,183 - __main__ - INFO - Code Executed : 2023-06-15 10:31:18.183857
2023-06-15 10:39:27,640 - __main__ - INFO - Code Executed : 2023-06-15 10:39:27.640648
2023-06-15 10:48:24,044 - __main__ - INFO - Code Executed : 2023-06-15 10:48:24.044465
2023-06-15 10:56:48,937 - __main__ - INFO - Code Executed : 2023-06-15 10:56:48.937225
2023-06-15 11:10:17,631 - __main__ - INFO - Code Executed : 2023-06-15 11:10:17.631860
2023-06-15 11:20:18,004 - __main__ - INFO - Code Executed : 2023-06-15 11:20:18.004758
2023-06-15 11:28:30,536 - __main__ - INFO - Code Executed : 2023-06-15 11:28:30.536246
2023-06-15 11:37:09,664 - __main__ - INFO - Code Executed : 2023-06-15 11:37:09.664093
2023-06-15 11:45:38,711 - __main__ - INFO - Code Executed : 2023-06-15 11:45:38.711022
2023-06-15 11:54:18,938 - __main__ - INFO - Code Executed : 2023-06-15 11:54:18.938081
2023-06-15 12:02:42,896 - __main__ - INFO - Code Executed : 2023-06-15 12:02:42.895981
2023-06-15 12:38:53,240 - __main__ - INFO - Code Executed : 2023-06-15 12:38:53.240622
2023-06-15 13:00:39,356 - __main__ - INFO - Code Executed : 2023-06-15 13:00:39.356438
2023-06-15 13:22:00,326 - __main__ - INFO - Code Executed : 2023-06-15 13:22:00.326402
2023-06-15 13:35:12,095 - __main__ - INFO - Code Executed : 2023-06-15 13:35:12.095885
2023-06-15 13:43:40,979 - __main__ - INFO - Code Executed : 2023-06-15 13:43:40.979333
2023-06-15 13:52:18,304 - __main__ - INFO - Code Executed : 2023-06-15 13:52:18.304578
2023-06-15 14:01:11,474 - __main__ - INFO - Code Executed : 2023-06-15 14:01:11.474630
2023-06-15 14:16:26,615 - __main__ - INFO - Code Executed : 2023-06-15 14:16:26.615037
2023-06-16 08:11:36,714 - __main__ - INFO - Code Executed : 2023-06-16 08:11:36.713968
2023-06-17 08:10:31,082 - __main__ - INFO - Code Executed : 2023-06-17 08:10:31.081953
2023-06-18 08:10:18,450 - __main__ - INFO - Code Executed : 2023-06-18 08:10:18.450625
2023-06-19 08:12:39,890 - __main__ - INFO - Code Executed : 2023-06-19 08:12:39.890720
2023-06-20 08:11:52,362 - __main__ - INFO - Code Executed : 2023-06-20 08:11:52.362374
2023-06-21 08:11:23,795 - __main__ - INFO - Code Executed : 2023-06-21 08:11:23.795091
2023-06-22 08:11:33,249 - __main__ - INFO - Code Executed : 2023-06-22 08:11:33.249190
2023-06-23 08:12:45,254 - __main__ - INFO - Code Executed : 2023-06-23 08:12:45.254153
2023-06-24 08:11:55,789 - __main__ - INFO - Code Executed : 2023-06-24 08:11:55.789208
2023-06-25 08:12:09,951 - __main__ - INFO - Code Executed : 2023-06-25 08:12:09.951285
2023-06-26 08:17:31,772 - __main__ - INFO - Code Executed : 2023-06-26 08:17:31.772573
2023-06-27 08:13:01,566 - __main__ - INFO - Code Executed : 2023-06-27 08:13:01.566119
2023-06-28 08:12:43,034 - __main__ - INFO - Code Executed : 2023-06-28 08:12:43.033972
2023-06-29 08:12:55,497 - __main__ - INFO - Code Executed : 2023-06-29 08:12:55.497153
2023-06-30 08:12:19,413 - __main__ - INFO - Code Executed : 2023-06-30 08:12:19.413123
2023-07-01 08:11:40,116 - __main__ - INFO - Code Executed : 2023-07-01 08:11:40.115966
2023-07-02 08:12:00,052 - __main__ - INFO - Code Executed : 2023-07-02 08:12:00.052077
2023-07-03 08:13:17,024 - __main__ - INFO - Code Executed : 2023-07-03 08:13:17.024688
2023-07-04 08:13:24,011 - __main__ - INFO - Code Executed : 2023-07-04 08:13:24.011494
2023-07-05 08:13:36,522 - __main__ - INFO - Code Executed : 2023-07-05 08:13:36.522804
2023-07-06 08:13:32,300 - __main__ - INFO - Code Executed : 2023-07-06 08:13:32.300394
2023-07-07 08:13:14,912 - __main__ - INFO - Code Executed : 2023-07-07 08:13:14.912803
2023-07-08 08:12:17,285 - __main__ - INFO - Code Executed : 2023-07-08 08:12:17.285458
2023-07-09 08:12:03,804 - __main__ - INFO - Code Executed : 2023-07-09 08:12:03.804699
2023-07-10 08:13:50,441 - __main__ - INFO - Code Executed : 2023-07-10 08:13:50.441242
2023-07-11 08:13:11,583 - __main__ - INFO - Code Executed : 2023-07-11 08:13:11.583119
2023-07-12 08:13:29,456 - __main__ - INFO - Code Executed : 2023-07-12 08:13:29.456678
2023-07-13 08:12:55,429 - __main__ - INFO - Code Executed : 2023-07-13 08:12:55.429302
2023-07-14 08:12:44,036 - __main__ - INFO - Code Executed : 2023-07-14 08:12:44.036177
2023-07-15 08:12:05,622 - __main__ - INFO - Code Executed : 2023-07-15 08:12:05.622582
2023-07-16 08:11:56,823 - __main__ - INFO - Code Executed : 2023-07-16 08:11:56.823884
2023-07-17 08:13:20,560 - __main__ - INFO - Code Executed : 2023-07-17 08:13:20.560609
2023-07-18 08:13:10,275 - __main__ - INFO - Code Executed : 2023-07-18 08:13:10.275661
2023-07-19 08:12:07,584 - __main__ - INFO - Code Executed : 2023-07-19 08:12:07.584128
2023-07-20 08:11:59,723 - __main__ - INFO - Code Executed : 2023-07-20 08:11:59.723330
2023-07-21 08:11:35,538 - __main__ - INFO - Code Executed : 2023-07-21 08:11:35.538366
2023-07-22 08:11:12,887 - __main__ - INFO - Code Executed : 2023-07-22 08:11:12.887418
2023-07-23 08:11:06,015 - __main__ - INFO - Code Executed : 2023-07-23 08:11:06.015878
2023-07-24 08:13:11,119 - __main__ - INFO - Code Executed : 2023-07-24 08:13:11.119169
2023-07-25 08:12:16,981 - __main__ - INFO - Code Executed : 2023-07-25 08:12:16.981621
2023-07-26 08:12:30,793 - __main__ - INFO - Code Executed : 2023-07-26 08:12:30.793561
2023-07-27 08:11:42,319 - __main__ - INFO - Code Executed : 2023-07-27 08:11:42.319315
2023-07-28 08:11:30,527 - __main__ - INFO - Code Executed : 2023-07-28 08:11:30.527242
2023-07-29 08:10:24,392 - __main__ - INFO - Code Executed : 2023-07-29 08:10:24.392541
2023-07-30 08:10:45,152 - __main__ - INFO - Code Executed : 2023-07-30 08:10:45.152620
2023-07-31 08:12:47,350 - __main__ - INFO - Code Executed : 2023-07-31 08:12:47.350777
2023-08-01 08:12:36,717 - __main__ - INFO - Code Executed : 2023-08-01 08:12:36.717221
2023-08-02 08:11:40,292 - __main__ - INFO - Code Executed : 2023-08-02 08:11:40.292451
2023-08-03 08:11:28,558 - __main__ - INFO - Code Executed : 2023-08-03 08:11:28.558139
2023-08-04 08:11:28,086 - __main__ - INFO - Code Executed : 2023-08-04 08:11:28.086374
2023-08-05 08:10:33,695 - __main__ - INFO - Code Executed : 2023-08-05 08:10:33.695236
2023-08-06 08:10:46,147 - __main__ - INFO - Code Executed : 2023-08-06 08:10:46.147563
2023-08-07 08:12:20,153 - __main__ - INFO - Code Executed : 2023-08-07 08:12:20.152995
2023-08-08 08:12:08,132 - __main__ - INFO - Code Executed : 2023-08-08 08:12:08.132104
2023-08-09 08:12:29,365 - __main__ - INFO - Code Executed : 2023-08-09 08:12:29.365150
2023-08-10 08:11:56,501 - __main__ - INFO - Code Executed : 2023-08-10 08:11:56.501582
2023-08-11 08:11:16,830 - __main__ - INFO - Code Executed : 2023-08-11 08:11:16.830390
2023-08-12 08:10:33,200 - __main__ - INFO - Code Executed : 2023-08-12 08:10:33.200723
2023-08-13 08:10:23,672 - __main__ - INFO - Code Executed : 2023-08-13 08:10:23.672139
2023-08-14 08:12:11,685 - __main__ - INFO - Code Executed : 2023-08-14 08:12:11.684923
2023-08-15 08:11:48,234 - __main__ - INFO - Code Executed : 2023-08-15 08:11:48.234487
2023-08-16 08:11:40,750 - __main__ - INFO - Code Executed : 2023-08-16 08:11:40.750639
2023-08-17 08:11:54,931 - __main__ - INFO - Code Executed : 2023-08-17 08:11:54.931626
2023-08-18 08:11:53,808 - __main__ - INFO - Code Executed : 2023-08-18 08:11:53.808101
2023-08-19 08:10:22,050 - __main__ - INFO - Code Executed : 2023-08-19 08:10:22.050819
2023-08-20 08:10:20,424 - __main__ - INFO - Code Executed : 2023-08-20 08:10:20.424080
2023-08-21 08:12:23,671 - __main__ - INFO - Code Executed : 2023-08-21 08:12:23.671757
2023-08-22 08:11:39,628 - __main__ - INFO - Code Executed : 2023-08-22 08:11:39.628885
2023-08-23 08:11:57,457 - __main__ - INFO - Code Executed : 2023-08-23 08:11:57.457440
2023-08-24 08:11:33,612 - __main__ - INFO - Code Executed : 2023-08-24 08:11:33.612558
2023-08-25 08:11:29,104 - __main__ - INFO - Code Executed : 2023-08-25 08:11:29.104790
2023-08-26 08:10:55,329 - __main__ - INFO - Code Executed : 2023-08-26 08:10:55.329813
2023-08-27 08:10:32,019 - __main__ - INFO - Code Executed : 2023-08-27 08:10:32.019688
2023-08-28 08:12:48,152 - __main__ - INFO - Code Executed : 2023-08-28 08:12:48.152140
2023-08-29 08:12:17,479 - __main__ - INFO - Code Executed : 2023-08-29 08:12:17.479113
2023-08-30 08:11:45,644 - __main__ - INFO - Code Executed : 2023-08-30 08:11:45.644132
2023-08-31 08:12:23,673 - __main__ - INFO - Code Executed : 2023-08-31 08:12:23.673290
2023-09-01 08:11:50,418 - __main__ - INFO - Code Executed : 2023-09-01 08:11:50.418222
2023-09-02 08:10:30,871 - __main__ - INFO - Code Executed : 2023-09-02 08:10:30.871869
2023-09-03 23:29:37,855 - __main__ - INFO - Code Executed : 2023-09-03 23:29:37.855067
2023-09-04 08:12:46,943 - __main__ - INFO - Code Executed : 2023-09-04 08:12:46.943769
2023-09-04 21:54:33,547 - __main__ - INFO - Code Executed : 2023-09-04 21:54:33.547266
2023-09-04 22:14:53,926 - __main__ - INFO - Code Executed : 2023-09-04 22:14:53.926403
2023-09-05 08:12:33,095 - __main__ - INFO - Code Executed : 2023-09-05 08:12:33.095929
2023-09-06 08:16:25,906 - __main__ - INFO - Code Executed : 2023-09-06 08:16:25.906880
2023-09-07 08:15:15,072 - __main__ - INFO - Code Executed : 2023-09-07 08:15:15.071933
2023-09-08 07:20:28,348 - __main__ - INFO - Code Executed : 2023-09-08 07:20:28.348766
2023-09-08 08:03:51,741 - __main__ - INFO - Code Executed : 2023-09-08 08:03:51.741469
2023-09-08 08:12:13,187 - __main__ - INFO - Code Executed : 2023-09-08 08:12:13.187428
2023-09-09 08:15:13,940 - __main__ - INFO - Code Executed : 2023-09-09 08:15:13.940163
2023-09-09 22:09:36,811 - __main__ - INFO - Code Executed : 2023-09-09 22:09:36.811421
2023-09-09 23:37:50,516 - __main__ - INFO - Code Executed : 2023-09-09 23:37:50.516894
2023-09-10 08:11:24,986 - __main__ - INFO - Code Executed : 2023-09-10 08:11:24.986134
2023-09-10 19:18:10,661 - __main__ - INFO - Code Executed : 2023-09-10 19:18:10.661756
2023-09-10 19:40:46,638 - __main__ - INFO - Code Executed : 2023-09-10 19:40:46.637979
2023-09-10 20:31:10,771 - __main__ - INFO - Code Executed : 2023-09-10 20:31:10.771194
2023-09-10 21:51:20,873 - __main__ - INFO - Code Executed : 2023-09-10 21:51:20.873027
2023-09-10 22:19:27,556 - __main__ - INFO - Code Executed : 2023-09-10 22:19:27.556792
2023-09-11 07:26:42,216 - __main__ - INFO - Code Executed : 2023-09-11 07:26:42.216875
2023-09-11 07:53:20,858 - __main__ - INFO - Code Executed : 2023-09-11 07:53:20.858050
2023-09-11 07:58:39,769 - __main__ - INFO - Code Executed : 2023-09-11 07:58:39.769284
2023-09-11 08:12:58,258 - __main__ - INFO - Code Executed : 2023-09-11 08:12:58.258889
2023-09-12 08:12:52,948 - __main__ - INFO - Code Executed : 2023-09-12 08:12:52.948571
2023-09-12 09:45:23,326 - __main__ - INFO - Code Executed : 2023-09-12 09:45:23.326890
2023-09-12 10:12:43,506 - __main__ - INFO - Code Executed : 2023-09-12 10:12:43.505953
2023-09-13 08:12:34,953 - __main__ - INFO - Code Executed : 2023-09-13 08:12:34.953912
2023-09-14 08:19:11,202 - __main__ - INFO - Code Executed : 2023-09-14 08:19:11.201978
2023-09-15 08:15:48,615 - __main__ - INFO - Code Executed : 2023-09-15 08:15:48.615657
2023-09-16 08:11:49,338 - __main__ - INFO - Code Executed : 2023-09-16 08:11:49.338600
2023-09-17 08:11:33,507 - __main__ - INFO - Code Executed : 2023-09-17 08:11:33.507919
2023-09-17 19:51:25,209 - __main__ - INFO - Code Executed : 2023-09-17 19:51:25.209127
2023-09-17 21:26:37,589 - __main__ - INFO - Code Executed : 2023-09-17 21:26:37.589060
2023-09-18 02:50:28,440 - __main__ - INFO - Code Executed : 2023-09-18 02:50:28.439997
2023-09-18 08:19:33,383 - __main__ - INFO - Code Executed : 2023-09-18 08:19:33.383016
2023-09-19 08:13:56,753 - __main__ - INFO - Code Executed : 2023-09-19 08:13:56.753835
2023-09-19 22:22:44,299 - __main__ - INFO - Code Executed : 2023-09-19 22:22:44.299117
2023-09-20 04:16:57,648 - __main__ - INFO - Code Executed : 2023-09-20 04:16:57.648103
2023-09-20 08:18:05,227 - __main__ - INFO - Code Executed : 2023-09-20 08:18:05.226947
2023-09-21 08:17:53,179 - __main__ - INFO - Code Executed : 2023-09-21 08:17:53.179345
2023-09-22 08:16:11,126 - __main__ - INFO - Code Executed : 2023-09-22 08:16:11.126597
2023-09-23 08:11:51,466 - __main__ - INFO - Code Executed : 2023-09-23 08:11:51.466642
2023-09-24 08:11:50,117 - __main__ - INFO - Code Executed : 2023-09-24 08:11:50.117138
2023-09-25 08:13:37,658 - __main__ - INFO - Code Executed : 2023-09-25 08:13:37.658217
2023-09-26 08:19:37,137 - __main__ - INFO - Code Executed : 2023-09-26 08:19:37.137666
2023-09-27 08:19:39,115 - __main__ - INFO - Code Executed : 2023-09-27 08:19:39.115148
2023-09-28 08:16:30,106 - __main__ - INFO - Code Executed : 2023-09-28 08:16:30.106403
2023-09-29 08:19:51,239 - __main__ - INFO - Code Executed : 2023-09-29 08:19:51.239524
2023-09-30 08:16:32,150 - __main__ - INFO - Code Executed : 2023-09-30 08:16:32.150024
2023-10-01 08:12:15,746 - __main__ - INFO - Code Executed : 2023-10-01 08:12:15.746835
2023-10-02 08:13:47,394 - __main__ - INFO - Code Executed : 2023-10-02 08:13:47.394229
<<<<<<< HEAD
2023-10-03 12:59:02,218 - __main__ - INFO - Code Executed : 2023-10-03 12:59:02.218657
2023-10-03 14:10:29,098 - __main__ - INFO - Code Executed : 2023-10-03 14:10:29.098656
=======
2023-10-03 07:16:37,036 - __main__ - INFO - Code Executed : 2023-10-03 07:16:37.036764
2023-10-03 08:16:37,747 - __main__ - INFO - Code Executed : 2023-10-03 08:16:37.747900
>>>>>>> 2b28aa14883556ac683531670e6e542f8f646c45
2023-10-03 09:03:03,981 - __main__ - INFO - Code Executed : 2023-10-03 09:03:03.981545
2023-10-03 09:17:11,706 - __main__ - INFO - Code Executed : 2023-10-03 09:17:11.706290
2023-10-03 09:37:48,860 - __main__ - INFO - Code Executed : 2023-10-03 09:37:48.860008
2023-10-03 09:57:23,335 - __main__ - INFO - Code Executed : 2023-10-03 09:57:23.335458
2023-10-04 08:14:12,939 - __main__ - INFO - Code Executed : 2023-10-04 08:14:12.939619
2023-10-05 08:14:43,527 - __main__ - INFO - Code Executed : 2023-10-05 08:14:43.527355
2023-10-06 08:16:16,651 - __main__ - INFO - Code Executed : 2023-10-06 08:16:16.651681
2023-10-07 08:15:39,228 - __main__ - INFO - Code Executed : 2023-10-07 08:15:39.228091
2023-10-08 08:15:07,150 - __main__ - INFO - Code Executed : 2023-10-08 08:15:07.150327
2023-10-09 08:16:54,932 - __main__ - INFO - Code Executed : 2023-10-09 08:16:54.931932
2023-10-10 08:20:04,165 - __main__ - INFO - Code Executed : 2023-10-10 08:20:04.165254
2023-10-11 08:13:53,786 - __main__ - INFO - Code Executed : 2023-10-11 08:13:53.786292
2023-10-12 08:23:52,034 - __main__ - INFO - Code Executed : 2023-10-12 08:23:52.034789
2023-10-13 08:16:44,987 - __main__ - INFO - Code Executed : 2023-10-13 08:16:44.987383
2023-10-14 08:16:43,399 - __main__ - INFO - Code Executed : 2023-10-14 08:16:43.399072
2023-10-15 08:18:34,187 - __main__ - INFO - Code Executed : 2023-10-15 08:18:34.187572
2023-10-16 08:20:19,035 - __main__ - INFO - Code Executed : 2023-10-16 08:20:19.035194
2023-10-17 08:13:31,497 - __main__ - INFO - Code Executed : 2023-10-17 08:13:31.497400
2023-10-18 05:39:41,357 - __main__ - INFO - Code Executed : 2023-10-18 05:39:41.357582
2023-10-18 08:15:22,454 - __main__ - INFO - Code Executed : 2023-10-18 08:15:22.454302
2023-10-19 08:14:51,394 - __main__ - INFO - Code Executed : 2023-10-19 08:14:51.394111
2023-10-20 08:15:01,593 - __main__ - INFO - Code Executed : 2023-10-20 08:15:01.593590
2023-10-21 08:14:19,748 - __main__ - INFO - Code Executed : 2023-10-21 08:14:19.748831
2023-10-22 08:30:37,941 - __main__ - INFO - Code Executed : 2023-10-22 08:30:37.941925
2023-10-23 08:26:40,029 - __main__ - INFO - Code Executed : 2023-10-23 08:26:40.029631
2023-10-24 08:36:52,436 - __main__ - INFO - Code Executed : 2023-10-24 08:36:52.436379
2023-10-25 08:25:54,250 - __main__ - INFO - Code Executed : 2023-10-25 08:25:54.250315
2023-10-26 08:25:21,298 - __main__ - INFO - Code Executed : 2023-10-26 08:25:21.298721
2023-10-27 08:15:26,266 - __main__ - INFO - Code Executed : 2023-10-27 08:15:26.266847
2023-10-28 08:24:13,312 - __main__ - INFO - Code Executed : 2023-10-28 08:24:13.312195
2023-10-29 08:35:23,352 - __main__ - INFO - Code Executed : 2023-10-29 08:35:23.351938
2023-10-30 08:31:31,744 - __main__ - INFO - Code Executed : 2023-10-30 08:31:31.744838
2023-10-31 08:37:09,987 - __main__ - INFO - Code Executed : 2023-10-31 08:37:09.987474
2023-11-01 08:36:23,022 - __main__ - INFO - Code Executed : 2023-11-01 08:36:23.022065
2023-11-02 08:38:23,289 - __main__ - INFO - Code Executed : 2023-11-02 08:38:23.289729
2023-11-03 08:13:16,245 - __main__ - INFO - Code Executed : 2023-11-03 08:13:16.245358
2023-11-04 08:14:03,688 - __main__ - INFO - Code Executed : 2023-11-04 08:14:03.688599
2023-11-05 08:30:17,952 - __main__ - INFO - Code Executed : 2023-11-05 08:30:17.952477
2023-11-06 08:16:55,200 - __main__ - INFO - Code Executed : 2023-11-06 08:16:55.199935
2023-11-07 08:14:07,316 - __main__ - INFO - Code Executed : 2023-11-07 08:14:07.316805
2023-11-08 08:31:55,021 - __main__ - INFO - Code Executed : 2023-11-08 08:31:55.021611
2023-11-09 08:19:48,373 - __main__ - INFO - Code Executed : 2023-11-09 08:19:48.373802
2023-11-10 08:13:18,074 - __main__ - INFO - Code Executed : 2023-11-10 08:13:18.074892
2023-11-11 08:40:23,580 - __main__ - INFO - Code Executed : 2023-11-11 08:40:23.580447
2023-11-12 08:12:34,972 - __main__ - INFO - Code Executed : 2023-11-12 08:12:34.972682
2023-11-13 08:22:46,026 - __main__ - INFO - Code Executed : 2023-11-13 08:22:46.026573
2023-11-14 08:14:17,874 - __main__ - INFO - Code Executed : 2023-11-14 08:14:17.874272
2023-11-15 08:20:05,889 - __main__ - INFO - Code Executed : 2023-11-15 08:20:05.889509
2023-11-16 08:39:44,261 - __main__ - INFO - Code Executed : 2023-11-16 08:39:44.261346
2023-11-16 12:22:34,254 - __main__ - INFO - Code Executed : 2023-11-16 12:22:34.254569
2023-11-16 13:06:43,297 - __main__ - INFO - Code Executed : 2023-11-16 13:06:43.297048
2023-11-17 09:00:13,711 - __main__ - INFO - Code Executed : 2023-11-17 09:00:13.711572
2023-11-18 08:14:06,302 - __main__ - INFO - Code Executed : 2023-11-18 08:14:06.302496
2023-11-19 08:14:20,051 - __main__ - INFO - Code Executed : 2023-11-19 08:14:20.051850
2023-11-20 08:32:44,279 - __main__ - INFO - Code Executed : 2023-11-20 08:32:44.279599
2023-11-21 08:32:09,953 - __main__ - INFO - Code Executed : 2023-11-21 08:32:09.953331
2023-11-22 08:14:36,202 - __main__ - INFO - Code Executed : 2023-11-22 08:14:36.202655
2023-11-23 08:20:22,683 - __main__ - INFO - Code Executed : 2023-11-23 08:20:22.683680
2023-11-24 08:14:57,031 - __main__ - INFO - Code Executed : 2023-11-24 08:14:57.031897
2023-11-25 08:19:05,131 - __main__ - INFO - Code Executed : 2023-11-25 08:19:05.131590
2023-11-26 08:35:28,206 - __main__ - INFO - Code Executed : 2023-11-26 08:35:28.206624
2023-11-27 08:16:26,864 - __main__ - INFO - Code Executed : 2023-11-27 08:16:26.864571
2023-11-28 08:32:18,136 - __main__ - INFO - Code Executed : 2023-11-28 08:32:18.136234
2023-11-30 08:15:31,873 - __main__ - INFO - Code Executed : 2023-11-30 08:15:31.873800
2023-12-01 08:15:37,721 - __main__ - INFO - Code Executed : 2023-12-01 08:15:37.721151
2023-12-02 08:37:25,189 - __main__ - INFO - Code Executed : 2023-12-02 08:37:25.189355
2023-12-03 08:13:40,226 - __main__ - INFO - Code Executed : 2023-12-03 08:13:40.226046
2023-12-04 04:58:07,833 - __main__ - INFO - Code Executed : 2023-12-04 04:58:07.833900
2023-12-04 05:18:42,404 - __main__ - INFO - Code Executed : 2023-12-04 05:18:42.404391
2023-12-04 05:50:02,506 - __main__ - INFO - Code Executed : 2023-12-04 05:50:02.506390
2023-12-04 07:35:22,757 - __main__ - INFO - Code Executed : 2023-12-04 07:35:22.756967
2023-12-04 08:14:49,501 - __main__ - INFO - Code Executed : 2023-12-04 08:14:49.501219
2023-12-04 20:46:41,308 - __main__ - INFO - Code Executed : 2023-12-04 20:46:41.308338
2023-12-04 22:05:41,540 - __main__ - INFO - Code Executed : 2023-12-04 22:05:41.540805
2023-12-05 08:12:51,289 - __main__ - INFO - Code Executed : 2023-12-05 08:12:51.289391
2023-12-06 08:12:39,765 - __main__ - INFO - Code Executed : 2023-12-06 08:12:39.765685
2023-12-07 08:13:00,710 - __main__ - INFO - Code Executed : 2023-12-07 08:13:00.710426
2023-12-08 08:13:17,602 - __main__ - INFO - Code Executed : 2023-12-08 08:13:17.601958
2023-12-09 08:11:36,635 - __main__ - INFO - Code Executed : 2023-12-09 08:11:36.635714
2023-12-10 08:11:54,434 - __main__ - INFO - Code Executed : 2023-12-10 08:11:54.434759
2023-12-11 08:13:35,188 - __main__ - INFO - Code Executed : 2023-12-11 08:13:35.188756
2023-12-12 08:12:57,421 - __main__ - INFO - Code Executed : 2023-12-12 08:12:57.421013
2023-12-13 08:12:55,480 - __main__ - INFO - Code Executed : 2023-12-13 08:12:55.480497
2023-12-14 08:12:59,742 - __main__ - INFO - Code Executed : 2023-12-14 08:12:59.742455
2023-12-15 08:13:00,151 - __main__ - INFO - Code Executed : 2023-12-15 08:13:00.151402
2023-12-16 08:11:48,231 - __main__ - INFO - Code Executed : 2023-12-16 08:11:48.231855
2023-12-17 08:11:35,753 - __main__ - INFO - Code Executed : 2023-12-17 08:11:35.753223
2023-12-18 08:13:24,056 - __main__ - INFO - Code Executed : 2023-12-18 08:13:24.056288
2023-12-19 08:12:53,739 - __main__ - INFO - Code Executed : 2023-12-19 08:12:53.739032
2023-12-20 08:10:43,467 - __main__ - INFO - Code Executed : 2023-12-20 08:10:43.467906
2023-12-21 08:12:44,333 - __main__ - INFO - Code Executed : 2023-12-21 08:12:44.333329
2023-12-22 08:12:25,100 - __main__ - INFO - Code Executed : 2023-12-22 08:12:25.100500
2023-12-22 12:09:30,091 - __main__ - INFO - Code Executed : 2023-12-22 12:09:30.091451
2023-12-23 08:16:40,617 - __main__ - INFO - Code Executed : 2023-12-23 08:16:40.617773
2023-12-24 08:13:50,696 - __main__ - INFO - Code Executed : 2023-12-24 08:13:50.696455
2023-12-24 10:21:21,704 - __main__ - INFO - Code Executed : 2023-12-24 10:21:21.704916
2023-12-24 10:52:36,966 - __main__ - INFO - Code Executed : 2023-12-24 10:52:36.966171
2023-12-25 07:33:09,743 - __main__ - INFO - Code Executed : 2023-12-25 07:33:09.743007
2023-12-25 08:11:40,939 - __main__ - INFO - Code Executed : 2023-12-25 08:11:40.939649
2023-12-26 09:20:29,622 - __main__ - INFO - Code Executed : 2023-12-26 09:20:29.622313
2023-12-27 09:09:42,316 - __main__ - INFO - Code Executed : 2023-12-27 09:09:42.316367
2023-12-28 09:01:25,602 - __main__ - INFO - Code Executed : 2023-12-28 09:01:25.602277
2023-12-29 09:16:58,785 - __main__ - INFO - Code Executed : 2023-12-29 09:16:58.785386
2023-12-31 09:00:18,004 - __main__ - INFO - Code Executed : 2023-12-31 09:00:18.004279
2024-01-01 04:32:15,057 - __main__ - INFO - Code Executed : 2024-01-01 04:32:15.057832
2024-01-01 08:15:20,029 - __main__ - INFO - Code Executed : 2024-01-01 08:15:20.029456
2024-01-02 08:14:54,858 - __main__ - INFO - Code Executed : 2024-01-02 08:14:54.858828
2024-01-03 08:15:04,355 - __main__ - INFO - Code Executed : 2024-01-03 08:15:04.355068
2024-01-04 08:14:48,822 - __main__ - INFO - Code Executed : 2024-01-04 08:14:48.822865
2024-01-05 08:15:02,733 - __main__ - INFO - Code Executed : 2024-01-05 08:15:02.733953
2024-01-06 08:29:38,244 - __main__ - INFO - Code Executed : 2024-01-06 08:29:38.244060
2024-01-07 08:18:42,400 - __main__ - INFO - Code Executed : 2024-01-07 08:18:42.400752
2024-01-08 08:15:54,857 - __main__ - INFO - Code Executed : 2024-01-08 08:15:54.857786
2024-01-09 08:31:06,970 - __main__ - INFO - Code Executed : 2024-01-09 08:31:06.970179
2024-01-10 08:14:52,165 - __main__ - INFO - Code Executed : 2024-01-10 08:14:52.165167
2024-01-11 08:19:17,939 - __main__ - INFO - Code Executed : 2024-01-11 08:19:17.939001
2024-01-12 08:30:54,180 - __main__ - INFO - Code Executed : 2024-01-12 08:30:54.180565
2024-01-13 08:18:06,857 - __main__ - INFO - Code Executed : 2024-01-13 08:18:06.857481
2024-01-14 08:27:03,493 - __main__ - INFO - Code Executed : 2024-01-14 08:27:03.493483
2024-01-15 08:19:27,599 - __main__ - INFO - Code Executed : 2024-01-15 08:19:27.599541
2024-01-16 08:15:27,118 - __main__ - INFO - Code Executed : 2024-01-16 08:15:27.118422
2024-01-17 08:28:07,287 - __main__ - INFO - Code Executed : 2024-01-17 08:28:07.287795
2024-01-18 08:14:29,175 - __main__ - INFO - Code Executed : 2024-01-18 08:14:29.175397
2024-01-19 04:30:42,549 - __main__ - INFO - Code Executed : 2024-01-19 04:30:42.549619
2024-01-19 08:13:46,678 - __main__ - INFO - Code Executed : 2024-01-19 08:13:46.678684
2024-01-20 08:13:29,673 - __main__ - INFO - Code Executed : 2024-01-20 08:13:29.673640
2024-01-21 08:20:35,795 - __main__ - INFO - Code Executed : 2024-01-21 08:20:35.795219
2024-01-22 08:22:55,594 - __main__ - INFO - Code Executed : 2024-01-22 08:22:55.594337
2024-01-23 08:21:09,539 - __main__ - INFO - Code Executed : 2024-01-23 08:21:09.539895
2024-01-24 08:22:13,628 - __main__ - INFO - Code Executed : 2024-01-24 08:22:13.628496
2024-01-25 08:14:33,422 - __main__ - INFO - Code Executed : 2024-01-25 08:14:33.422607
2024-01-26 08:13:41,934 - __main__ - INFO - Code Executed : 2024-01-26 08:13:41.934037
2024-01-27 08:12:18,167 - __main__ - INFO - Code Executed : 2024-01-27 08:12:18.167741
2024-01-28 08:13:02,333 - __main__ - INFO - Code Executed : 2024-01-28 08:13:02.333405
2024-01-29 08:15:22,508 - __main__ - INFO - Code Executed : 2024-01-29 08:15:22.508764
2024-01-30 08:13:47,037 - __main__ - INFO - Code Executed : 2024-01-30 08:13:47.037048
2024-01-31 08:20:39,743 - __main__ - INFO - Code Executed : 2024-01-31 08:20:39.743660
2024-02-01 08:13:30,187 - __main__ - INFO - Code Executed : 2024-02-01 08:13:30.187717
2024-02-02 08:13:10,334 - __main__ - INFO - Code Executed : 2024-02-02 08:13:10.334378
2024-02-03 08:17:58,542 - __main__ - INFO - Code Executed : 2024-02-03 08:17:58.542356
2024-02-04 08:12:20,905 - __main__ - INFO - Code Executed : 2024-02-04 08:12:20.905671
2024-02-05 08:16:00,455 - __main__ - INFO - Code Executed : 2024-02-05 08:16:00.455420
2024-02-06 08:14:08,420 - __main__ - INFO - Code Executed : 2024-02-06 08:14:08.420909
2024-02-07 08:12:56,182 - __main__ - INFO - Code Executed : 2024-02-07 08:12:56.182363
2024-02-08 08:13:35,796 - __main__ - INFO - Code Executed : 2024-02-08 08:13:35.796606
2024-02-09 08:19:27,988 - __main__ - INFO - Code Executed : 2024-02-09 08:19:27.988546
2024-02-10 08:20:02,556 - __main__ - INFO - Code Executed : 2024-02-10 08:20:02.556864
2024-02-11 08:13:09,691 - __main__ - INFO - Code Executed : 2024-02-11 08:13:09.691099
2024-02-12 08:21:50,738 - __main__ - INFO - Code Executed : 2024-02-12 08:21:50.738089
2024-02-13 08:14:24,547 - __main__ - INFO - Code Executed : 2024-02-13 08:14:24.547917
2024-02-14 08:13:28,146 - __main__ - INFO - Code Executed : 2024-02-14 08:13:28.146344
2024-02-15 08:13:33,114 - __main__ - INFO - Code Executed : 2024-02-15 08:13:33.114773
2024-02-16 08:13:21,134 - __main__ - INFO - Code Executed : 2024-02-16 08:13:21.134287
2024-02-17 08:12:37,253 - __main__ - INFO - Code Executed : 2024-02-17 08:12:37.253129
2024-02-18 08:19:25,834 - __main__ - INFO - Code Executed : 2024-02-18 08:19:25.834741
2024-02-19 08:21:48,149 - __main__ - INFO - Code Executed : 2024-02-19 08:21:48.149356
2024-02-20 08:13:17,719 - __main__ - INFO - Code Executed : 2024-02-20 08:13:17.719081
2024-02-21 08:14:04,793 - __main__ - INFO - Code Executed : 2024-02-21 08:14:04.793273
2024-02-22 08:16:56,347 - __main__ - INFO - Code Executed : 2024-02-22 08:16:56.347880
2024-02-23 08:13:32,825 - __main__ - INFO - Code Executed : 2024-02-23 08:13:32.825062
2024-02-24 08:19:37,461 - __main__ - INFO - Code Executed : 2024-02-24 08:19:37.461665
2024-02-25 08:14:51,297 - __main__ - INFO - Code Executed : 2024-02-25 08:14:51.297310
2024-02-26 08:13:47,318 - __main__ - INFO - Code Executed : 2024-02-26 08:13:47.318013
2024-02-27 08:21:05,441 - __main__ - INFO - Code Executed : 2024-02-27 08:21:05.441087
2024-02-28 08:20:08,469 - __main__ - INFO - Code Executed : 2024-02-28 08:20:08.469619
2024-02-29 08:13:17,015 - __main__ - INFO - Code Executed : 2024-02-29 08:13:17.015102
2024-03-01 08:20:37,729 - __main__ - INFO - Code Executed : 2024-03-01 08:20:37.729189
2024-03-02 08:18:15,617 - __main__ - INFO - Code Executed : 2024-03-02 08:18:15.617141
2024-03-03 08:13:38,536 - __main__ - INFO - Code Executed : 2024-03-03 08:13:38.536427
2024-03-04 09:37:38,375 - __main__ - INFO - Code Executed : 2024-03-04 09:37:38.375364
2024-03-05 08:13:46,163 - __main__ - INFO - Code Executed : 2024-03-05 08:13:46.162946
2024-03-06 08:14:32,192 - __main__ - INFO - Code Executed : 2024-03-06 08:14:32.192813
2024-03-07 08:11:28,905 - __main__ - INFO - Code Executed : 2024-03-07 08:11:28.905798
2024-03-08 08:19:28,022 - __main__ - INFO - Code Executed : 2024-03-08 08:19:28.022642
2024-03-09 08:12:41,929 - __main__ - INFO - Code Executed : 2024-03-09 08:12:41.929424
2024-03-10 08:15:07,125 - __main__ - INFO - Code Executed : 2024-03-10 08:15:07.125891
2024-03-11 08:16:36,861 - __main__ - INFO - Code Executed : 2024-03-11 08:16:36.860973
2024-03-12 08:20:44,843 - __main__ - INFO - Code Executed : 2024-03-12 08:20:44.843263
2024-03-13 08:12:29,884 - __main__ - INFO - Code Executed : 2024-03-13 08:12:29.884227
2024-03-14 08:21:46,107 - __main__ - INFO - Code Executed : 2024-03-14 08:21:46.107419
2024-03-15 08:13:07,852 - __main__ - INFO - Code Executed : 2024-03-15 08:13:07.852544
2024-03-16 08:18:27,528 - __main__ - INFO - Code Executed : 2024-03-16 08:18:27.528455
2024-03-17 08:18:22,228 - __main__ - INFO - Code Executed : 2024-03-17 08:18:22.228199
2024-03-18 08:21:13,420 - __main__ - INFO - Code Executed : 2024-03-18 08:21:13.420013
2024-03-19 08:20:43,319 - __main__ - INFO - Code Executed : 2024-03-19 08:20:43.319643
2024-03-20 08:20:28,409 - __main__ - INFO - Code Executed : 2024-03-20 08:20:28.409233
2024-03-21 08:12:55,743 - __main__ - INFO - Code Executed : 2024-03-21 08:12:55.742970
2024-03-22 08:19:59,010 - __main__ - INFO - Code Executed : 2024-03-22 08:19:59.010057
2024-03-23 08:11:43,931 - __main__ - INFO - Code Executed : 2024-03-23 08:11:43.931677
2024-03-24 08:12:22,101 - __main__ - INFO - Code Executed : 2024-03-24 08:12:22.101949
2024-03-25 08:15:06,307 - __main__ - INFO - Code Executed : 2024-03-25 08:15:06.307007
2024-03-26 08:16:00,073 - __main__ - INFO - Code Executed : 2024-03-26 08:16:00.073099
2024-03-27 08:13:30,121 - __main__ - INFO - Code Executed : 2024-03-27 08:13:30.120992
2024-03-28 08:13:03,709 - __main__ - INFO - Code Executed : 2024-03-28 08:13:03.709106
2024-03-29 08:13:36,784 - __main__ - INFO - Code Executed : 2024-03-29 08:13:36.784205
2024-03-30 08:14:13,683 - __main__ - INFO - Code Executed : 2024-03-30 08:14:13.683525
2024-03-31 08:20:46,481 - __main__ - INFO - Code Executed : 2024-03-31 08:20:46.481168
2024-04-01 08:17:57,549 - __main__ - INFO - Code Executed : 2024-04-01 08:17:57.549266
2024-04-02 08:12:59,535 - __main__ - INFO - Code Executed : 2024-04-02 08:12:59.535296
2024-04-03 08:16:12,303 - __main__ - INFO - Code Executed : 2024-04-03 08:16:12.303730
2024-04-04 08:22:07,367 - __main__ - INFO - Code Executed : 2024-04-04 08:22:07.367727
2024-04-05 08:20:53,016 - __main__ - INFO - Code Executed : 2024-04-05 08:20:53.016739
2024-04-06 08:16:01,853 - __main__ - INFO - Code Executed : 2024-04-06 08:16:01.853097
2024-04-07 08:19:56,077 - __main__ - INFO - Code Executed : 2024-04-07 08:19:56.077001
2024-04-08 08:16:37,921 - __main__ - INFO - Code Executed : 2024-04-08 08:16:37.921827
2024-04-09 08:16:03,690 - __main__ - INFO - Code Executed : 2024-04-09 08:16:03.690354
2024-04-10 08:15:06,531 - __main__ - INFO - Code Executed : 2024-04-10 08:15:06.531320
2024-04-11 08:19:39,961 - __main__ - INFO - Code Executed : 2024-04-11 08:19:39.961543
2024-04-12 08:16:00,007 - __main__ - INFO - Code Executed : 2024-04-12 08:16:00.007129
2024-04-13 08:13:55,078 - __main__ - INFO - Code Executed : 2024-04-13 08:13:55.078030
2024-04-14 10:40:38,126 - __main__ - INFO - Code Executed : 2024-04-14 10:40:38.126247
2024-04-15 08:18:04,778 - __main__ - INFO - Code Executed : 2024-04-15 08:18:04.778455
2024-04-16 08:16:31,984 - __main__ - INFO - Code Executed : 2024-04-16 08:16:31.984574
2024-04-17 08:19:40,168 - __main__ - INFO - Code Executed : 2024-04-17 08:19:40.168845
2024-04-18 08:22:05,729 - __main__ - INFO - Code Executed : 2024-04-18 08:22:05.729783
2024-04-19 08:13:30,514 - __main__ - INFO - Code Executed : 2024-04-19 08:13:30.514417
2024-04-20 08:11:44,665 - __main__ - INFO - Code Executed : 2024-04-20 08:11:44.665163
2024-04-21 08:12:52,696 - __main__ - INFO - Code Executed : 2024-04-21 08:12:52.696328
2024-04-22 08:17:33,336 - __main__ - INFO - Code Executed : 2024-04-22 08:17:33.335939
2024-04-23 08:13:51,293 - __main__ - INFO - Code Executed : 2024-04-23 08:13:51.293716
2024-04-24 08:14:59,145 - __main__ - INFO - Code Executed : 2024-04-24 08:14:59.145010
2024-04-25 08:14:14,236 - __main__ - INFO - Code Executed : 2024-04-25 08:14:14.236894
2024-04-26 08:20:38,074 - __main__ - INFO - Code Executed : 2024-04-26 08:20:38.074033
2024-04-27 08:16:22,705 - __main__ - INFO - Code Executed : 2024-04-27 08:16:22.705233
2024-04-28 08:17:26,886 - __main__ - INFO - Code Executed : 2024-04-28 08:17:26.886517
2024-04-29 08:21:31,139 - __main__ - INFO - Code Executed : 2024-04-29 08:21:31.139710
2024-04-30 08:16:35,291 - __main__ - INFO - Code Executed : 2024-04-30 08:16:35.291596
2024-05-01 08:15:50,443 - __main__ - INFO - Code Executed : 2024-05-01 08:15:50.443040
2024-05-02 08:14:04,948 - __main__ - INFO - Code Executed : 2024-05-02 08:14:04.948076
2024-05-03 08:13:26,672 - __main__ - INFO - Code Executed : 2024-05-03 08:13:26.672902
2024-05-04 08:20:26,049 - __main__ - INFO - Code Executed : 2024-05-04 08:20:26.049357
2024-05-05 08:12:40,818 - __main__ - INFO - Code Executed : 2024-05-05 08:12:40.818565
2024-05-06 08:13:56,507 - __main__ - INFO - Code Executed : 2024-05-06 08:13:56.507117
2024-05-07 08:13:49,808 - __main__ - INFO - Code Executed : 2024-05-07 08:13:49.808268
2024-05-08 08:15:21,419 - __main__ - INFO - Code Executed : 2024-05-08 08:15:21.419692
2024-05-09 08:14:45,093 - __main__ - INFO - Code Executed : 2024-05-09 08:14:45.093425
2024-05-10 08:16:49,501 - __main__ - INFO - Code Executed : 2024-05-10 08:16:49.501270
2024-05-11 08:13:09,873 - __main__ - INFO - Code Executed : 2024-05-11 08:13:09.873451
2024-05-12 08:21:37,468 - __main__ - INFO - Code Executed : 2024-05-12 08:21:37.468616
2024-05-13 08:15:05,938 - __main__ - INFO - Code Executed : 2024-05-13 08:15:05.938924
2024-05-14 08:15:14,320 - __main__ - INFO - Code Executed : 2024-05-14 08:15:14.320085
2024-05-15 08:20:21,400 - __main__ - INFO - Code Executed : 2024-05-15 08:20:21.400849
2024-05-16 08:20:02,200 - __main__ - INFO - Code Executed : 2024-05-16 08:20:02.200221
2024-05-17 08:13:48,582 - __main__ - INFO - Code Executed : 2024-05-17 08:13:48.582228
2024-05-18 08:20:32,603 - __main__ - INFO - Code Executed : 2024-05-18 08:20:32.603822
2024-05-19 08:20:53,280 - __main__ - INFO - Code Executed : 2024-05-19 08:20:53.280860
2024-05-20 08:14:24,817 - __main__ - INFO - Code Executed : 2024-05-20 08:14:24.817805
2024-05-21 08:14:02,008 - __main__ - INFO - Code Executed : 2024-05-21 08:14:02.008779
2024-05-22 08:17:40,212 - __main__ - INFO - Code Executed : 2024-05-22 08:17:40.212251
2024-05-23 08:14:39,011 - __main__ - INFO - Code Executed : 2024-05-23 08:14:39.011308
